<?xml version="1.0" encoding="UTF-8"?>
<testng-results ignored="0" total="1" passed="1" failed="0" skipped="0">
  <reporter-output>
  </reporter-output>
  <suite started-at="2022-09-09T17:10:07 IST" name="Default suite" finished-at="2022-09-09T17:10:12 IST" duration-ms="4280">
    <groups>
    </groups>
    <test started-at="2022-09-09T17:10:07 IST" name="Default test" finished-at="2022-09-09T17:10:12 IST" duration-ms="4280">
      <class name="TC.TC_01_LunckingWebSite">
        <test-method is-config="true" signature="SetUp()[pri:0, instance:TC.TC_01_LunckingWebSite@942a29c]" started-at="2022-09-09T17:10:07 IST" name="SetUp" finished-at="2022-09-09T17:10:12 IST" duration-ms="4201" status="PASS">
          <reporter-output>
          </reporter-output>
        </test-method> <!-- SetUp -->
        <test-method signature="lunckingWebSite()[pri:0, instance:TC.TC_01_LunckingWebSite@942a29c]" started-at="2022-09-09T17:10:12 IST" name="lunckingWebSite" finished-at="2022-09-09T17:10:12 IST" duration-ms="34" status="PASS">
          <reporter-output>
          </reporter-output>
        </test-method> <!-- lunckingWebSite -->
      </class> <!-- TC.TC_01_LunckingWebSite -->
    </test> <!-- Default test -->
  </suite> <!-- Default suite -->
</testng-results>
